[2026/07/17 ¶gӨӯ 17:31:49.36] ==================== RUN START ====================
[2026/07/17 ¶gӨӯ 17:31:49.44] Scraping sold records: category=1293, days=30, keyword='', delay=1 ...
жҲҗзҙ„гғўгғјгғү: category_id=1293, status=sold_out, зӣҙиҝ‘ 30.0 ж—Ҙд»ҘеҶ…гҒ®жҲҗзҙ„ (updated еҲӨе®ҡ)
[page 1] еҸ–еҫ— 119 д»¶ / д»Ҡеӣһ зҜ„еӣІеҶ… 119 д»¶ / зҙҜиЁҲ 119 д»¶
[page 2] еҸ–еҫ— 118 д»¶ / д»Ҡеӣһ зҜ„еӣІеҶ… 118 д»¶ / зҙҜиЁҲ 237 д»¶
[page 3] еҸ–еҫ— 120 д»¶ / д»Ҡеӣһ зҜ„еӣІеҶ… 120 д»¶ / зҙҜиЁҲ 357 д»¶
[page 4] еҸ–еҫ— 118 д»¶ / д»Ҡеӣһ зҜ„еӣІеҶ… 118 д»¶ / зҙҜиЁҲ 475 д»¶
[page 5] еҸ–еҫ— 119 д»¶ / д»Ҡеӣһ зҜ„еӣІеҶ… 119 д»¶ / зҙҜиЁҲ 594 д»¶
[page 6] еҸ–еҫ— 119 д»¶ / д»Ҡеӣһ зҜ„еӣІеҶ… 119 д»¶ / зҙҜиЁҲ 713 д»¶
[page 7] еҸ–еҫ— 120 д»¶ / д»Ҡеӣһ зҜ„еӣІеҶ… 120 д»¶ / зҙҜиЁҲ 833 д»¶
[page 8] еҸ–еҫ— 119 д»¶ / д»Ҡеӣһ зҜ„еӣІеҶ… 119 д»¶ / зҙҜиЁҲ 952 д»¶
[page 9] еҸ–еҫ— 117 д»¶ / д»Ҡеӣһ зҜ„еӣІеҶ… 117 д»¶ / зҙҜиЁҲ 1069 д»¶
[page 10] еҸ–еҫ— 118 д»¶ / д»Ҡеӣһ зҜ„еӣІеҶ… 118 д»¶ / зҙҜиЁҲ 1187 д»¶
[page 11] еҸ–еҫ— 120 д»¶ / д»Ҡеӣһ зҜ„еӣІеҶ… 120 д»¶ / зҙҜиЁҲ 1307 д»¶
[page 12] еҸ–еҫ— 120 д»¶ / д»Ҡеӣһ зҜ„еӣІеҶ… 120 д»¶ / зҙҜиЁҲ 1427 д»¶
[page 13] еҸ–еҫ— 120 д»¶ / д»Ҡеӣһ зҜ„еӣІеҶ… 120 д»¶ / зҙҜиЁҲ 1547 д»¶
[page 14] еҸ–еҫ— 114 д»¶ / д»Ҡеӣһ зҜ„еӣІеҶ… 114 д»¶ / зҙҜиЁҲ 1661 д»¶
[page 15] еҸ–еҫ— 118 д»¶ / д»Ҡеӣһ зҜ„еӣІеҶ… 118 д»¶ / зҙҜиЁҲ 1779 д»¶
[page 16] еҸ–еҫ— 119 д»¶ / д»Ҡеӣһ зҜ„еӣІеҶ… 119 д»¶ / зҙҜиЁҲ 1898 д»¶
[page 17] еҸ–еҫ— 118 д»¶ / д»Ҡеӣһ зҜ„еӣІеҶ… 118 д»¶ / зҙҜиЁҲ 2016 д»¶
[page 18] еҸ–еҫ— 120 д»¶ / д»Ҡеӣһ зҜ„еӣІеҶ… 120 д»¶ / зҙҜиЁҲ 2136 д»¶
[page 19] еҸ–еҫ— 117 д»¶ / д»Ҡеӣһ зҜ„еӣІеҶ… 117 д»¶ / зҙҜиЁҲ 2253 д»¶
[page 20] еҸ–еҫ— 118 д»¶ / д»Ҡеӣһ зҜ„еӣІеҶ… 118 д»¶ / зҙҜиЁҲ 2371 д»¶
[page 21] еҸ–еҫ— 119 д»¶ / д»Ҡеӣһ зҜ„еӣІеҶ… 119 д»¶ / зҙҜиЁҲ 2490 д»¶
[page 22] еҸ–еҫ— 116 д»¶ / д»Ҡеӣһ зҜ„еӣІеҶ… 116 д»¶ / зҙҜиЁҲ 2606 д»¶
[page 23] еҸ–еҫ— 119 д»¶ / д»Ҡеӣһ зҜ„еӣІеҶ… 119 д»¶ / зҙҜиЁҲ 2725 д»¶
[page 24] еҸ–еҫ— 120 д»¶ / д»Ҡеӣһ зҜ„еӣІеҶ… 120 д»¶ / зҙҜиЁҲ 2845 д»¶
[page 25] еҸ–еҫ— 118 д»¶ / д»Ҡеӣһ зҜ„еӣІеҶ… 118 д»¶ / зҙҜиЁҲ 2963 д»¶
[page 26] еҸ–еҫ— 119 д»¶ / д»Ҡеӣһ зҜ„еӣІеҶ… 119 д»¶ / зҙҜиЁҲ 3082 д»¶
[page 27] еҸ–еҫ— 115 д»¶ / д»Ҡеӣһ зҜ„еӣІеҶ… 115 д»¶ / зҙҜиЁҲ 3197 д»¶
[page 28] еҸ–еҫ— 120 д»¶ / д»Ҡеӣһ зҜ„еӣІеҶ… 120 д»¶ / зҙҜиЁҲ 3317 д»¶
[page 29] еҸ–еҫ— 119 д»¶ / д»Ҡеӣһ зҜ„еӣІеҶ… 119 д»¶ / зҙҜиЁҲ 3436 д»¶
[page 30] еҸ–еҫ— 120 д»¶ / д»Ҡеӣһ зҜ„еӣІеҶ… 120 д»¶ / зҙҜиЁҲ 3556 д»¶
[page 31] еҸ–еҫ— 120 д»¶ / д»Ҡеӣһ зҜ„еӣІеҶ… 120 д»¶ / зҙҜиЁҲ 3676 д»¶
[page 32] еҸ–еҫ— 117 д»¶ / д»Ҡеӣһ зҜ„еӣІеҶ… 117 д»¶ / зҙҜиЁҲ 3793 д»¶
[page 33] еҸ–еҫ— 118 д»¶ / д»Ҡеӣһ зҜ„еӣІеҶ… 118 д»¶ / зҙҜиЁҲ 3911 д»¶
[page 34] еҸ–еҫ— 118 д»¶ / д»Ҡеӣһ зҜ„еӣІеҶ… 118 д»¶ / зҙҜиЁҲ 4029 д»¶
[page 35] еҸ–еҫ— 120 д»¶ / д»Ҡеӣһ зҜ„еӣІеҶ… 120 д»¶ / зҙҜиЁҲ 4149 д»¶
[page 36] еҸ–еҫ— 119 д»¶ / д»Ҡеӣһ зҜ„еӣІеҶ… 119 д»¶ / зҙҜиЁҲ 4268 д»¶
[page 37] еҸ–еҫ— 120 д»¶ / д»Ҡеӣһ зҜ„еӣІеҶ… 120 д»¶ / зҙҜиЁҲ 4388 д»¶
[page 38] еҸ–еҫ— 119 д»¶ / д»Ҡеӣһ зҜ„еӣІеҶ… 119 д»¶ / зҙҜиЁҲ 4507 д»¶
[page 39] еҸ–еҫ— 117 д»¶ / д»Ҡеӣһ зҜ„еӣІеҶ… 117 д»¶ / зҙҜиЁҲ 4624 д»¶
[page 40] еҸ–еҫ— 114 д»¶ / д»Ҡеӣһ зҜ„еӣІеҶ… 114 д»¶ / зҙҜиЁҲ 4738 д»¶

е®ҢдәҶ: 4738 д»¶гҒҢзӣҙиҝ‘ 30.0 ж—Ҙд»ҘеҶ…гҒ«жҲҗзҙ„гҒ—гҒҫгҒ—гҒҹгҖӮ
дҝқеӯҳ: mercari_sold_30d.csv / mercari_sold_30d.json
[2026/07/17 ¶gӨӯ 17:32:47.52] OK: results written to mercari_sold_30d.csv / mercari_sold_30d.json
[2026/07/17 ¶gӨӯ 17:32:47.58] ==================== RUN OK ====================
